#
# A fatal error has been detected by the Java Runtime Environment:
#
#  SIGBUS (0xa) at pc=0x00000001027cb0d0, pid=45003, tid=5891
#
# JRE version: 7.0_25-b15
# Java VM: Java HotSpot(TM) 64-Bit Server VM (23.25-b01 mixed mode bsd-amd64 compressed oops)
# Problematic frame:
# C  [libzip.dylib+0x30d0]  newEntry+0x154
#
# Failed to write core dump. Core dumps have been disabled. To enable core dumping, try "ulimit -c unlimited" before starting Java again
#
# If you would like to submit a bug report, please visit:
#   http://bugreport.sun.com/bugreport/crash.jsp
# The crash happened outside the Java Virtual Machine in native code.
# See problematic frame for where to report the bug.
#

---------------  T H R E A D  ---------------

Current thread (0x00007f9d7b801000):  JavaThread "main" [_thread_in_native, id=5891, stack(0x000000010267f000,0x000000010277f000)]

siginfo:si_signo=SIGBUS: si_errno=0, si_code=2 (BUS_ADRERR), si_addr=0x00000001078e997b

Registers:
RAX=0x00007f9d7a41cab0, RBX=0x00000001078e996f, RCX=0x0000000000000001, RDX=0x0000000000000000
RSP=0x000000010277a3f0, RBP=0x000000010277a450, RSI=0x00000000e1ffffff, RDI=0x0000000102556800
R8 =0x0000000000000004, R9 =0x00007f9d7a700000, R10=0x0000000103abaf64, R11=0xfffffff912ff514e
R12=0x0000000000000318, R13=0x00000001078b4000, R14=0x00007f9d7a41cab0, R15=0x0000000000000108
RIP=0x00000001027cb0d0, EFLAGS=0x0000000000010206, ERR=0x0000000000000004
  TRAPNO=0x000000000000000e

Top of Stack: (sp=0x000000010277a3f0)
0x000000010277a3f0:   0000000000000000 000000000277e6b0
0x000000010277a400:   0000000103ac527f 0000000103aae410
0x000000010277a410:   000000010277a430 00007f9d7a41cab0
0x000000010277a420:   00007f9d7a7acf80 000000003ae0bb5b
0x000000010277a430:   0000000000000318 00000001078b4000
0x000000010277a440:   00007f9d7a41cab0 0000000000000108
0x000000010277a450:   000000010277a4a0 00000001027cb742
0x000000010277a460:   0000000000000036 000000367b801000
0x000000010277a470:   000000010277a4be 000000010277a988
0x000000010277a480:   0000000000000036 000000010277a4be
0x000000010277a490:   00007f9d7a41cab0 00007f9d7b8011d8
0x000000010277a4a0:   000000010277a8f0 00000001027ca59c
0x000000010277a4b0:   0000000103aa94f7 726f000100000001
0x000000010277a4c0:   742f61646f6a2f67 6f7268632f656d69
0x000000010277a4d0:   63697361422f6f6e 616559664f796144
0x000000010277a4e0:   6d69546574614472 632e646c65694665
0x000000010277a4f0:   000000007373616c 00000000fffffffb
0x000000010277a500:   0000000000000001 0000000000000001
0x000000010277a510:   00000001034d7c5e 0000000000000001
0x000000010277a520:   00007f9d7a409a9c 0000000000000000
0x000000010277a530:   0000000100000000 00007fff8afcb8c0
0x000000010277a540:   0000000000000000 0000000000000001
0x000000010277a550:   0000008200000001 00000000000004d3
0x000000010277a560:   0000000000000004 000000040277acc8
0x000000010277a570:   00000001034d7c47 000000010277acd8
0x000000010277a580:   0000000100000001 0000000000000082
0x000000010277a590:   0000000100000004 000000010277acb8
0x000000010277a5a0:   000000010277a85c ffffffff00000005
0x000000010277a5b0:   00007fff00000000 000000000277a5c8
0x000000010277a5c0:   00007fff769d0940 000000010277acf0
0x000000010277a5d0:   0000003000000010 000000010277ad00
0x000000010277a5e0:   000000010277ac20 00007f9d7b801000 

Instructions: (pc=0x00000001027cb0d0)
0x00000001027cb0b0:   49 8b 7f 38 e8 df 19 00 00 4d 89 77 38 49 89 5f
0x00000001027cb0c0:   40 4c 89 f0 48 85 c0 0f 84 16 05 00 00 48 89 c3
0x00000001027cb0d0:   0f b6 43 0c 0f b6 4b 0d 48 c1 e1 08 48 01 c1 0f
0x00000001027cb0e0:   b6 43 0e 0f b6 53 0f 48 c1 e2 08 48 01 c2 48 c1 

Register to memory mapping:

RAX=0x00007f9d7a41cab0 is an unknown value
RBX=0x00000001078e996f is an unknown value
RCX=0x0000000000000001 is an unknown value
RDX=0x0000000000000000 is an unknown value
RSP=0x000000010277a3f0 is pointing into the stack for thread: 0x00007f9d7b801000
RBP=0x000000010277a450 is pointing into the stack for thread: 0x00007f9d7b801000
RSI=0x00000000e1ffffff is an unknown value
RDI=0x0000000102556800 is an unknown value
R8 =0x0000000000000004 is an unknown value
R9 =0x00007f9d7a700000 is an unknown value
R10=0x0000000103abaf64 is an Interpreter codelet
method entry point (kind = native)  [0x0000000103abad00, 0x0000000103abb540]  2112 bytes
R11=0xfffffff912ff514e is an unknown value
R12=0x0000000000000318 is an unknown value
R13=0x00000001078b4000 is an unknown value
R14=0x00007f9d7a41cab0 is an unknown value
R15=0x0000000000000108 is an unknown value


Stack: [0x000000010267f000,0x000000010277f000],  sp=0x000000010277a3f0,  free space=1004k
Native frames: (J=compiled Java code, j=interpreted, Vv=VM code, C=native code)
C  [libzip.dylib+0x30d0]  newEntry+0x154
C  [libzip.dylib+0x3742]  ZIP_GetEntry+0xa2
C  [libzip.dylib+0x259c]  Java_java_util_zip_ZipFile_getEntry+0xdd
j  java.util.zip.ZipFile.getEntry(J[BZ)J+0
j  java.util.zip.ZipFile.getEntry(Ljava/lang/String;)Ljava/util/zip/ZipEntry;+38
j  java.util.jar.JarFile.getEntry(Ljava/lang/String;)Ljava/util/zip/ZipEntry;+2
j  java.util.jar.JarFile.getJarEntry(Ljava/lang/String;)Ljava/util/jar/JarEntry;+2
j  sun.misc.URLClassPath$JarLoader.getResource(Ljava/lang/String;Z)Lsun/misc/Resource;+48
j  sun.misc.URLClassPath.getResource(Ljava/lang/String;Z)Lsun/misc/Resource;+53
j  java.net.URLClassLoader$1.run()Ljava/lang/Class;+26
j  java.net.URLClassLoader$1.run()Ljava/lang/Object;+1
v  ~StubRoutines::call_stub
V  [libjvm.dylib+0x28a5c3]
V  [libjvm.dylib+0x28a390]
V  [libjvm.dylib+0x2c5a8f]
j  java.security.AccessController.doPrivileged(Ljava/security/PrivilegedExceptionAction;Ljava/security/AccessControlContext;)Ljava/lang/Object;+0
j  java.net.URLClassLoader.findClass(Ljava/lang/String;)Ljava/lang/Class;+13
j  java.lang.ClassLoader.loadClass(Ljava/lang/String;Z)Ljava/lang/Class;+70
j  sun.misc.Launcher$AppClassLoader.loadClass(Ljava/lang/String;Z)Ljava/lang/Class;+36
j  java.lang.ClassLoader.loadClass(Ljava/lang/String;)Ljava/lang/Class;+3
v  ~StubRoutines::call_stub
V  [libjvm.dylib+0x28a5c3]
V  [libjvm.dylib+0x28aaa2]
V  [libjvm.dylib+0x28ab88]
V  [libjvm.dylib+0x4519bb]
V  [libjvm.dylib+0x451386]
V  [libjvm.dylib+0x451c01]
V  [libjvm.dylib+0x452013]
V  [libjvm.dylib+0x2bedd6]
V  [libjvm.dylib+0x2c6092]
C  [libverify.dylib+0x13c5]  load_class_local+0x27
C  [libverify.dylib+0x146c]  load_class_global+0x1b
C  [libverify.dylib+0x14ff]  object_fullinfo_to_classclass+0x3c
C  [libverify.dylib+0x2407]  merge_fullinfo_types+0x23a
C  [libverify.dylib+0x519e]  verify_method+0x216a
C  [libverify.dylib+0x7164]  VerifyClassForMajorVersion+0x460
C  [libjava.dylib+0x64c7]  VerifyClassCodesForMajorVersion+0x9
V  [libjvm.dylib+0x4a0b37]
V  [libjvm.dylib+0x4a0ea6]
V  [libjvm.dylib+0x25fa37]
V  [libjvm.dylib+0x25f77b]
V  [libjvm.dylib+0x25f77b]
V  [libjvm.dylib+0x25fd5c]
V  [libjvm.dylib+0x252743]
V  [libjvm.dylib+0x337975]
V  [libjvm.dylib+0x337a5b]
V  [libjvm.dylib+0x285d45]
j  org.joda.time.chrono.ISOChronology.<clinit>()V+22
v  ~StubRoutines::call_stub
V  [libjvm.dylib+0x28a5c3]
V  [libjvm.dylib+0x28a390]
V  [libjvm.dylib+0x25ee0b]
V  [libjvm.dylib+0x2602eb]
V  [libjvm.dylib+0x252743]
V  [libjvm.dylib+0x337975]
V  [libjvm.dylib+0x337a5b]
V  [libjvm.dylib+0x285d45]
j  org.joda.time.DateTimeUtils.getChronology(Lorg/joda/time/Chronology;)Lorg/joda/time/Chronology;+4
j  org.joda.time.base.BasePeriod.<init>(JLorg/joda/time/PeriodType;Lorg/joda/time/Chronology;)V+12
j  org.joda.time.Period.<init>()V+4
j  org.joda.time.Period.<clinit>()V+4
v  ~StubRoutines::call_stub
V  [libjvm.dylib+0x28a5c3]
V  [libjvm.dylib+0x28a390]
V  [libjvm.dylib+0x25ee0b]
V  [libjvm.dylib+0x2602eb]
V  [libjvm.dylib+0x252743]
V  [libjvm.dylib+0x337975]
V  [libjvm.dylib+0x337a5b]
V  [libjvm.dylib+0x285d45]
j  edu.stanford.nlp.time.SUTime.<clinit>()V+5
v  ~StubRoutines::call_stub
V  [libjvm.dylib+0x28a5c3]
V  [libjvm.dylib+0x28a390]
V  [libjvm.dylib+0x25ee0b]
V  [libjvm.dylib+0x2602eb]
V  [libjvm.dylib+0x252743]
V  [libjvm.dylib+0x335cd3]
V  [libjvm.dylib+0x336045]
V  [libjvm.dylib+0x286355]
j  edu.stanford.nlp.time.GenericTimeExpressionPatterns.initEnv()V+119
j  edu.stanford.nlp.time.GenericTimeExpressionPatterns.<init>(Ledu/stanford/nlp/time/Options;)V+10
j  edu.stanford.nlp.time.TimeExpressionExtractorImpl.init(Ledu/stanford/nlp/time/Options;)V+87
j  edu.stanford.nlp.time.TimeExpressionExtractorImpl.init(Ljava/lang/String;Ljava/util/Properties;)V+10
j  edu.stanford.nlp.time.TimeExpressionExtractorImpl.<init>(Ljava/lang/String;Ljava/util/Properties;)V+7
j  edu.stanford.nlp.time.TimeAnnotator.<init>(Ljava/lang/String;Ljava/util/Properties;)V+11
j  SUTimeDemo.main([Ljava/lang/String;)V+60
v  ~StubRoutines::call_stub
V  [libjvm.dylib+0x28a5c3]
V  [libjvm.dylib+0x28a390]
V  [libjvm.dylib+0x2a5e70]
V  [libjvm.dylib+0x29f1c8]
C  [java+0x317e]  JavaMain+0x91d
C  [libsystem_pthread.dylib+0x1899]  _pthread_body+0x8a
C  [libsystem_pthread.dylib+0x172a]  _pthread_struct_init+0x0
C  [libsystem_pthread.dylib+0x5fc9]  thread_start+0xd

Java frames: (J=compiled Java code, j=interpreted, Vv=VM code)
j  java.util.zip.ZipFile.getEntry(J[BZ)J+0
j  java.util.zip.ZipFile.getEntry(Ljava/lang/String;)Ljava/util/zip/ZipEntry;+38
j  java.util.jar.JarFile.getEntry(Ljava/lang/String;)Ljava/util/zip/ZipEntry;+2
j  java.util.jar.JarFile.getJarEntry(Ljava/lang/String;)Ljava/util/jar/JarEntry;+2
j  sun.misc.URLClassPath$JarLoader.getResource(Ljava/lang/String;Z)Lsun/misc/Resource;+48
j  sun.misc.URLClassPath.getResource(Ljava/lang/String;Z)Lsun/misc/Resource;+53
j  java.net.URLClassLoader$1.run()Ljava/lang/Class;+26
j  java.net.URLClassLoader$1.run()Ljava/lang/Object;+1
v  ~StubRoutines::call_stub
j  java.security.AccessController.doPrivileged(Ljava/security/PrivilegedExceptionAction;Ljava/security/AccessControlContext;)Ljava/lang/Object;+0
j  java.net.URLClassLoader.findClass(Ljava/lang/String;)Ljava/lang/Class;+13
j  java.lang.ClassLoader.loadClass(Ljava/lang/String;Z)Ljava/lang/Class;+70
j  sun.misc.Launcher$AppClassLoader.loadClass(Ljava/lang/String;Z)Ljava/lang/Class;+36
j  java.lang.ClassLoader.loadClass(Ljava/lang/String;)Ljava/lang/Class;+3
v  ~StubRoutines::call_stub
j  org.joda.time.chrono.ISOChronology.<clinit>()V+22
v  ~StubRoutines::call_stub
j  org.joda.time.DateTimeUtils.getChronology(Lorg/joda/time/Chronology;)Lorg/joda/time/Chronology;+4
j  org.joda.time.base.BasePeriod.<init>(JLorg/joda/time/PeriodType;Lorg/joda/time/Chronology;)V+12
j  org.joda.time.Period.<init>()V+4
j  org.joda.time.Period.<clinit>()V+4
v  ~StubRoutines::call_stub
j  edu.stanford.nlp.time.SUTime.<clinit>()V+5
v  ~StubRoutines::call_stub
j  edu.stanford.nlp.time.GenericTimeExpressionPatterns.initEnv()V+119
j  edu.stanford.nlp.time.GenericTimeExpressionPatterns.<init>(Ledu/stanford/nlp/time/Options;)V+10
j  edu.stanford.nlp.time.TimeExpressionExtractorImpl.init(Ledu/stanford/nlp/time/Options;)V+87
j  edu.stanford.nlp.time.TimeExpressionExtractorImpl.init(Ljava/lang/String;Ljava/util/Properties;)V+10
j  edu.stanford.nlp.time.TimeExpressionExtractorImpl.<init>(Ljava/lang/String;Ljava/util/Properties;)V+7
j  edu.stanford.nlp.time.TimeAnnotator.<init>(Ljava/lang/String;Ljava/util/Properties;)V+11
j  SUTimeDemo.main([Ljava/lang/String;)V+60
v  ~StubRoutines::call_stub

---------------  P R O C E S S  ---------------

Java Threads: ( => current thread )
  0x00007f9d7b014000 JavaThread "Service Thread" daemon [_thread_blocked, id=15363, stack(0x00000001075ec000,0x00000001076ec000)]
  0x00007f9d7b848800 JavaThread "C2 CompilerThread1" daemon [_thread_blocked, id=15107, stack(0x00000001074e9000,0x00000001075e9000)]
  0x00007f9d7b848000 JavaThread "C2 CompilerThread0" daemon [_thread_blocked, id=14851, stack(0x00000001073e6000,0x00000001074e6000)]
  0x00007f9d7b806000 JavaThread "Signal Dispatcher" daemon [_thread_blocked, id=14595, stack(0x00000001072e3000,0x00000001073e3000)]
  0x00007f9d7c00e000 JavaThread "Finalizer" daemon [_thread_blocked, id=9731, stack(0x0000000107094000,0x0000000107194000)]
  0x00007f9d7c00d000 JavaThread "Reference Handler" daemon [_thread_blocked, id=9475, stack(0x0000000106f91000,0x0000000107091000)]
=>0x00007f9d7b801000 JavaThread "main" [_thread_in_native, id=5891, stack(0x000000010267f000,0x000000010277f000)]

Other Threads:
  0x00007f9d7c00a800 VMThread [stack: 0x0000000106e8e000,0x0000000106f8e000] [id=9219]
  0x00007f9d7b84a800 WatcherThread [stack: 0x00000001076ef000,0x00000001077ef000] [id=15619]

VM state:not at safepoint (normal execution)

VM Mutex/Monitor currently owned by a thread: None

Heap
 def new generation   total 58368K, used 14820K [0x00000007ef000000, 0x00000007f2f50000, 0x00000007f2f50000)
  eden space 51904K,  16% used [0x00000007ef000000, 0x00000007ef829248, 0x00000007f22b0000)
  from space 6464K,  99% used [0x00000007f2900000, 0x00000007f2f4fff8, 0x00000007f2f50000)
  to   space 6464K,   0% used [0x00000007f22b0000, 0x00000007f22b0000, 0x00000007f2900000)
 tenured generation   total 129728K, used 118970K [0x00000007f2f50000, 0x00000007fae00000, 0x00000007fae00000)
   the space 129728K,  91% used [0x00000007f2f50000, 0x00000007fa37ea20, 0x00000007fa37ec00, 0x00000007fae00000)
 compacting perm gen  total 21248K, used 10031K [0x00000007fae00000, 0x00000007fc2c0000, 0x0000000800000000)
   the space 21248K,  47% used [0x00000007fae00000, 0x00000007fb7cbcd0, 0x00000007fb7cbe00, 0x00000007fc2c0000)
No shared spaces configured.

Card table byte_map: [0x0000000106b69000,0x0000000106bf2000] byte_map_base: 0x0000000102bf1000

Polling page: 0x00000001027be000

Code Cache  [0x0000000103aa9000, 0x0000000103d19000, 0x0000000106aa9000)
 total_blobs=430 nmethods=178 adapters=204 free_code_cache=48376Kb largest_free_block=49520320

Compilation events (10 events):
Event: 6.427 Thread 0x00007f9d7b848000  172             java.util.Arrays::fill (28 bytes)
Event: 6.429 Thread 0x00007f9d7b848000 nmethod 172 0x0000000103b69310 code [0x0000000103b69460, 0x0000000103b69578]
Event: 6.438 Thread 0x00007f9d7b848800  173             java.lang.String::equals (81 bytes)
Event: 6.447 Thread 0x00007f9d7b848800 nmethod 173 0x0000000103b51650 code [0x0000000103b517a0, 0x0000000103b519f8]
Event: 6.486 Thread 0x00007f9d7b848000  174             java.util.zip.ZStreamRef::address (5 bytes)
Event: 6.486 Thread 0x00007f9d7b848000 nmethod 174 0x0000000103b69810 code [0x0000000103b69940, 0x0000000103b69998]
Event: 6.571 Thread 0x00007f9d7b848000  175             sun.misc.MetaIndex::mayContain (51 bytes)
Event: 6.579 Thread 0x00007f9d7b848000 nmethod 175 0x0000000103b1c510 code [0x0000000103b1c680, 0x0000000103b1c928]
Event: 6.593 Thread 0x00007f9d7b848800  176             java.lang.String::startsWith (7 bytes)
Event: 6.597 Thread 0x00007f9d7b848800 nmethod 176 0x0000000103b1ad10 code [0x0000000103b1ae60, 0x0000000103b1aff8]

GC Heap History (10 events):
Event: 2.363 GC heap before
{Heap before GC invocations=11 (full 3):
 def new generation   total 20928K, used 20357K [0x00000007ef000000, 0x00000007f06b0000, 0x00000007f2f50000)
  eden space 18624K,  96% used [0x00000007ef000000, 0x00000007f01a16c0, 0x00000007f0230000)
  from space 2304K, 100% used [0x00000007f0230000, 0x00000007f0470000, 0x00000007f0470000)
  to   space 2304K,   0% used [0x00000007f0470000, 0x00000007f0470000, 0x00000007f06b0000)
 tenured generation   total 46368K, used 43841K [0x00000007f2f50000, 0x00000007f5c98000, 0x00000007fae00000)
   the space 46368K,  94% used [0x00000007f2f50000, 0x00000007f5a20798, 0x00000007f5a20800, 0x00000007f5c98000)
 compacting perm gen  total 21248K, used 4710K [0x00000007fae00000, 0x00000007fc2c0000, 0x0000000800000000)
   the space 21248K,  22% used [0x00000007fae00000, 0x00000007fb299a50, 0x00000007fb299c00, 0x00000007fc2c0000)
No shared spaces configured.
Event: 3.051 GC heap after
Heap after GC invocations=12 (full 4):
 def new generation   total 39616K, used 1100K [0x00000007ef000000, 0x00000007f1af0000, 0x00000007f2f50000)
  eden space 35264K,   3% used [0x00000007ef000000, 0x00000007ef113010, 0x00000007f1270000)
  from space 4352K,   0% used [0x00000007f1270000, 0x00000007f1270000, 0x00000007f16b0000)
  to   space 4352K,   0% used [0x00000007f16b0000, 0x00000007f16b0000, 0x00000007f1af0000)
 tenured generation   total 87840K, used 52703K [0x00000007f2f50000, 0x00000007f8518000, 0x00000007fae00000)
   the space 87840K,  59% used [0x00000007f2f50000, 0x00000007f62c7fe8, 0x00000007f62c8000, 0x00000007f8518000)
 compacting perm gen  total 21248K, used 4708K [0x00000007fae00000, 0x00000007fc2c0000, 0x0000000800000000)
   the space 21248K,  22% used [0x00000007fae00000, 0x00000007fb2990f8, 0x00000007fb299200, 0x00000007fc2c0000)
No shared spaces configured.
}
Event: 3.206 GC heap before
{Heap before GC invocations=12 (full 4):
 def new generation   total 39616K, used 35264K [0x00000007ef000000, 0x00000007f1af0000, 0x00000007f2f50000)
  eden space 35264K, 100% used [0x00000007ef000000, 0x00000007f1270000, 0x00000007f1270000)
  from space 4352K,   0% used [0x00000007f1270000, 0x00000007f1270000, 0x00000007f16b0000)
  to   space 4352K,   0% used [0x00000007f16b0000, 0x00000007f16b0000, 0x00000007f1af0000)
 tenured generation   total 87840K, used 52703K [0x00000007f2f50000, 0x00000007f8518000, 0x00000007fae00000)
   the space 87840K,  59% used [0x00000007f2f50000, 0x00000007f62c7fe8, 0x00000007f62c8000, 0x00000007f8518000)
 compacting perm gen  total 21248K, used 4708K [0x00000007fae00000, 0x00000007fc2c0000, 0x0000000800000000)
   the space 21248K,  22% used [0x00000007fae00000, 0x00000007fb2990f8, 0x00000007fb299200, 0x00000007fc2c0000)
No shared spaces configured.
Event: 3.501 GC heap after
Heap after GC invocations=13 (full 4):
 def new generation   total 39616K, used 4351K [0x00000007ef000000, 0x00000007f1af0000, 0x00000007f2f50000)
  eden space 35264K,   0% used [0x00000007ef000000, 0x00000007ef000000, 0x00000007f1270000)
  from space 4352K,  99% used [0x00000007f16b0000, 0x00000007f1aefff0, 0x00000007f1af0000)
  to   space 4352K,   0% used [0x00000007f1270000, 0x00000007f1270000, 0x00000007f16b0000)
 tenured generation   total 87840K, used 69393K [0x00000007f2f50000, 0x00000007f8518000, 0x00000007fae00000)
   the space 87840K,  78% used [0x00000007f2f50000, 0x00000007f7314498, 0x00000007f7314600, 0x00000007f8518000)
 compacting perm gen  total 21248K, used 4708K [0x00000007fae00000, 0x00000007fc2c0000, 0x0000000800000000)
   the space 21248K,  22% used [0x00000007fae00000, 0x00000007fb2990f8, 0x00000007fb299200, 0x00000007fc2c0000)
No shared spaces configured.
}
Event: 3.603 GC heap before
{Heap before GC invocations=13 (full 4):
 def new generation   total 39616K, used 34490K [0x00000007ef000000, 0x00000007f1af0000, 0x00000007f2f50000)
  eden space 35264K,  85% used [0x00000007ef000000, 0x00000007f0d6ebb0, 0x00000007f1270000)
  from space 4352K,  99% used [0x00000007f16b0000, 0x00000007f1aefff0, 0x00000007f1af0000)
  to   space 4352K,   0% used [0x00000007f1270000, 0x00000007f1270000, 0x00000007f16b0000)
 tenured generation   total 87840K, used 69393K [0x00000007f2f50000, 0x00000007f8518000, 0x00000007fae00000)
   the space 87840K,  78% used [0x00000007f2f50000, 0x00000007f7314498, 0x00000007f7314600, 0x00000007f8518000)
 compacting perm gen  total 21248K, used 4708K [0x00000007fae00000, 0x00000007fc2c0000, 0x0000000800000000)
   the space 21248K,  22% used [0x00000007fae00000, 0x00000007fb2990f8, 0x00000007fb299200, 0x00000007fc2c0000)
No shared spaces configured.
Event: 3.729 GC heap after
Heap after GC invocations=14 (full 4):
 def new generation   total 39616K, used 4352K [0x00000007ef000000, 0x00000007f1af0000, 0x00000007f2f50000)
  eden space 35264K,   0% used [0x00000007ef000000, 0x00000007ef000000, 0x00000007f1270000)
  from space 4352K, 100% used [0x00000007f1270000, 0x00000007f16b0000, 0x00000007f16b0000)
  to   space 4352K,   0% used [0x00000007f16b0000, 0x00000007f16b0000, 0x00000007f1af0000)
 tenured generation   total 87840K, used 87651K [0x00000007f2f50000, 0x00000007f8518000, 0x00000007fae00000)
   the space 87840K,  99% used [0x00000007f2f50000, 0x00000007f84e8e88, 0x00000007f84e9000, 0x00000007f8518000)
 compacting perm gen  total 21248K, used 4708K [0x00000007fae00000, 0x00000007fc2c0000, 0x0000000800000000)
   the space 21248K,  22% used [0x00000007fae00000, 0x00000007fb2990f8, 0x00000007fb299200, 0x00000007fc2c0000)
No shared spaces configured.
}
Event: 3.858 GC heap before
{Heap before GC invocations=14 (full 4):
 def new generation   total 39616K, used 39616K [0x00000007ef000000, 0x00000007f1af0000, 0x00000007f2f50000)
  eden space 35264K, 100% used [0x00000007ef000000, 0x00000007f1270000, 0x00000007f1270000)
  from space 4352K, 100% used [0x00000007f1270000, 0x00000007f16b0000, 0x00000007f16b0000)
  to   space 4352K,   0% used [0x00000007f16b0000, 0x00000007f16b0000, 0x00000007f1af0000)
 tenured generation   total 87840K, used 87651K [0x00000007f2f50000, 0x00000007f8518000, 0x00000007fae00000)
   the space 87840K,  99% used [0x00000007f2f50000, 0x00000007f84e8e88, 0x00000007f84e9000, 0x00000007f8518000)
 compacting perm gen  total 21248K, used 4708K [0x00000007fae00000, 0x00000007fc2c0000, 0x0000000800000000)
   the space 21248K,  22% used [0x00000007fae00000, 0x00000007fb299260, 0x00000007fb299400, 0x00000007fc2c0000)
No shared spaces configured.
Event: 4.807 GC heap after
Heap after GC invocations=15 (full 5):
 def new generation   total 58368K, used 0K [0x00000007ef000000, 0x00000007f2f50000, 0x00000007f2f50000)
  eden space 51904K,   0% used [0x00000007ef000000, 0x00000007ef000000, 0x00000007f22b0000)
  from space 6464K,   0% used [0x00000007f22b0000, 0x00000007f22b0000, 0x00000007f2900000)
  to   space 6464K,   0% used [0x00000007f2900000, 0x00000007f2900000, 0x00000007f2f50000)
 tenured generation   total 129728K, used 105789K [0x00000007f2f50000, 0x00000007fae00000, 0x00000007fae00000)
   the space 129728K,  81% used [0x00000007f2f50000, 0x00000007f969f4f0, 0x00000007f969f600, 0x00000007fae00000)
 compacting perm gen  total 21248K, used 4708K [0x00000007fae00000, 0x00000007fc2c0000, 0x0000000800000000)
   the space 21248K,  22% used [0x00000007fae00000, 0x00000007fb299260, 0x00000007fb299400, 0x00000007fc2c0000)
No shared spaces configured.
}
Event: 6.126 GC heap before
{Heap before GC invocations=15 (full 5):
 def new generation   total 58368K, used 51904K [0x00000007ef000000, 0x00000007f2f50000, 0x00000007f2f50000)
  eden space 51904K, 100% used [0x00000007ef000000, 0x00000007f22b0000, 0x00000007f22b0000)
  from space 6464K,   0% used [0x00000007f22b0000, 0x00000007f22b0000, 0x00000007f2900000)
  to   space 6464K,   0% used [0x00000007f2900000, 0x00000007f2900000, 0x00000007f2f50000)
 tenured generation   total 129728K, used 105789K [0x00000007f2f50000, 0x00000007fae00000, 0x00000007fae00000)
   the space 129728K,  81% used [0x00000007f2f50000, 0x00000007f969f4f0, 0x00000007f969f600, 0x00000007fae00000)
 compacting perm gen  total 21248K, used 7489K [0x00000007fae00000, 0x00000007fc2c0000, 0x0000000800000000)
   the space 21248K,  35% used [0x00000007fae00000, 0x00000007fb5506f0, 0x00000007fb550800, 0x00000007fc2c0000)
No shared spaces configured.
Event: 6.269 GC heap after
Heap after GC invocations=16 (full 5):
 def new generation   total 58368K, used 6463K [0x00000007ef000000, 0x00000007f2f50000, 0x00000007f2f50000)
  eden space 51904K,   0% used [0x00000007ef000000, 0x00000007ef000000, 0x00000007f22b0000)
  from space 6464K,  99% used [0x00000007f2900000, 0x00000007f2f4fff8, 0x00000007f2f50000)
  to   space 6464K,   0% used [0x00000007f22b0000, 0x00000007f22b0000, 0x00000007f2900000)
 tenured generation   total 129728K, used 118970K [0x00000007f2f50000, 0x00000007fae00000, 0x00000007fae00000)
   the space 129728K,  91% used [0x00000007f2f50000, 0x00000007fa37ea20, 0x00000007fa37ec00, 0x00000007fae00000)
 compacting perm gen  total 21248K, used 7489K [0x00000007fae00000, 0x00000007fc2c0000, 0x0000000800000000)
   the space 21248K,  35% used [0x00000007fae00000, 0x00000007fb5506f0, 0x00000007fb550800, 0x00000007fc2c0000)
No shared spaces configured.
}

Deoptimization events (10 events):
Event: 6.075 Thread 0x00007f9d7b801000 Uncommon trap -34 fr.pc 0x0000000103b2adc4
Event: 6.075 Thread 0x00007f9d7b801000 Uncommon trap -34 fr.pc 0x0000000103b2adc4
Event: 6.075 Thread 0x00007f9d7b801000 Uncommon trap -34 fr.pc 0x0000000103b2adc4
Event: 6.075 Thread 0x00007f9d7b801000 Uncommon trap -34 fr.pc 0x0000000103b13244
Event: 6.075 Thread 0x00007f9d7b801000 Uncommon trap -34 fr.pc 0x0000000103b13244
Event: 6.422 Thread 0x00007f9d7b801000 Uncommon trap -58 fr.pc 0x0000000103b678cc
Event: 6.423 Thread 0x00007f9d7b801000 Uncommon trap -58 fr.pc 0x0000000103b678cc
Event: 6.423 Thread 0x00007f9d7b801000 Uncommon trap -58 fr.pc 0x0000000103b678cc
Event: 6.423 Thread 0x00007f9d7b801000 Uncommon trap -58 fr.pc 0x0000000103b678cc
Event: 6.431 Thread 0x00007f9d7b801000 Uncommon trap -12 fr.pc 0x0000000103b65a84

Internal exceptions (10 events):
Event: 6.737 Thread 0x00007f9d7b801000 Threw 0x00000007ef75e868 at /HUDSON/workspace/jdk7u25-2-build-macosx-amd64-product/jdk7u25/hotspot/src/share/vm/prims/jvm.cpp:1235
Event: 6.738 Thread 0x00007f9d7b801000 Threw 0x00000007ef763138 at /HUDSON/workspace/jdk7u25-2-build-macosx-amd64-product/jdk7u25/hotspot/src/share/vm/prims/jvm.cpp:1235
Event: 6.739 Thread 0x00007f9d7b801000 Threw 0x00000007ef766f30 at /HUDSON/workspace/jdk7u25-2-build-macosx-amd64-product/jdk7u25/hotspot/src/share/vm/prims/jvm.cpp:1235
Event: 6.740 Thread 0x00007f9d7b801000 Threw 0x00000007ef76b538 at /HUDSON/workspace/jdk7u25-2-build-macosx-amd64-product/jdk7u25/hotspot/src/share/vm/prims/jvm.cpp:1235
Event: 6.741 Thread 0x00007f9d7b801000 Threw 0x00000007ef76f4a0 at /HUDSON/workspace/jdk7u25-2-build-macosx-amd64-product/jdk7u25/hotspot/src/share/vm/prims/jvm.cpp:1235
Event: 6.742 Thread 0x00007f9d7b801000 Threw 0x00000007ef773658 at /HUDSON/workspace/jdk7u25-2-build-macosx-amd64-product/jdk7u25/hotspot/src/share/vm/prims/jvm.cpp:1235
Event: 6.742 Thread 0x00007f9d7b801000 Threw 0x00000007ef777bf8 at /HUDSON/workspace/jdk7u25-2-build-macosx-amd64-product/jdk7u25/hotspot/src/share/vm/prims/jvm.cpp:1235
Event: 6.743 Thread 0x00007f9d7b801000 Threw 0x00000007ef77c398 at /HUDSON/workspace/jdk7u25-2-build-macosx-amd64-product/jdk7u25/hotspot/src/share/vm/prims/jvm.cpp:1235
Event: 6.744 Thread 0x00007f9d7b801000 Threw 0x00000007ef780a40 at /HUDSON/workspace/jdk7u25-2-build-macosx-amd64-product/jdk7u25/hotspot/src/share/vm/prims/jvm.cpp:1235
Event: 6.747 Thread 0x00007f9d7b801000 Threw 0x00000007ef784fc8 at /HUDSON/workspace/jdk7u25-2-build-macosx-amd64-product/jdk7u25/hotspot/src/share/vm/prims/jvm.cpp:1235

Events (10 events):
Event: 6.741 loading class 0x00007f9d7a442e80
Event: 6.741 loading class 0x00007f9d7a442e80 done
Event: 6.742 loading class 0x00007f9d7a442ec0
Event: 6.742 loading class 0x00007f9d7a442ec0 done
Event: 6.743 loading class 0x00007f9d7a442f00
Event: 6.743 loading class 0x00007f9d7a442f00 done
Event: 6.744 loading class 0x00007f9d7a442f40
Event: 6.744 loading class 0x00007f9d7a442f40 done
Event: 6.745 loading class 0x00007f9d7a442f80
Event: 6.745 loading class 0x00007f9d7a442f80 done


Dynamic libraries:
0x00000000055da000 	/System/Library/Frameworks/Cocoa.framework/Versions/A/Cocoa
0x00000000055da000 	/System/Library/Frameworks/Security.framework/Versions/A/Security
0x00000000055da000 	/System/Library/Frameworks/ApplicationServices.framework/Versions/A/ApplicationServices
0x00000000055da000 	/usr/lib/libz.1.dylib
0x00000000055da000 	/usr/lib/libSystem.B.dylib
0x00000000055da000 	/usr/lib/libobjc.A.dylib
0x00000000055da000 	/System/Library/Frameworks/CoreFoundation.framework/Versions/A/CoreFoundation
0x00000000055da000 	/System/Library/Frameworks/AppKit.framework/Versions/C/AppKit
0x00000000055da000 	/System/Library/Frameworks/CoreData.framework/Versions/A/CoreData
0x00000000055da000 	/System/Library/Frameworks/Foundation.framework/Versions/C/Foundation
0x00000000055da000 	/System/Library/PrivateFrameworks/RemoteViewServices.framework/Versions/A/RemoteViewServices
0x00000000055da000 	/System/Library/Frameworks/AudioToolbox.framework/Versions/A/AudioToolbox
0x00000000055da000 	/System/Library/Frameworks/AudioUnit.framework/Versions/A/AudioUnit
0x00000000055da000 	/System/Library/PrivateFrameworks/DataDetectorsCore.framework/Versions/A/DataDetectorsCore
0x00000000055da000 	/System/Library/PrivateFrameworks/DesktopServicesPriv.framework/Versions/A/DesktopServicesPriv
0x00000000055da000 	/System/Library/Frameworks/Carbon.framework/Versions/A/Frameworks/HIToolbox.framework/Versions/A/HIToolbox
0x00000000055da000 	/System/Library/Frameworks/QuartzCore.framework/Versions/A/QuartzCore
0x00000000055da000 	/System/Library/Frameworks/Carbon.framework/Versions/A/Frameworks/SpeechRecognition.framework/Versions/A/SpeechRecognition
0x00000000055da000 	/usr/lib/libauto.dylib
0x00000000055da000 	/usr/lib/libicucore.A.dylib
0x00000000055da000 	/usr/lib/libxml2.2.dylib
0x00000000055da000 	/System/Library/PrivateFrameworks/CoreUI.framework/Versions/A/CoreUI
0x00000000055da000 	/System/Library/Frameworks/CoreAudio.framework/Versions/A/CoreAudio
0x00000000055da000 	/System/Library/Frameworks/DiskArbitration.framework/Versions/A/DiskArbitration
0x00000000055da000 	/usr/lib/liblangid.dylib
0x00000000055da000 	/System/Library/PrivateFrameworks/MultitouchSupport.framework/Versions/A/MultitouchSupport
0x00000000055da000 	/System/Library/Frameworks/IOKit.framework/Versions/A/IOKit
0x00000000055da000 	/usr/lib/libDiagnosticMessagesClient.dylib
0x00000000055da000 	/System/Library/Frameworks/CoreServices.framework/Versions/A/CoreServices
0x00000000055da000 	/System/Library/PrivateFrameworks/PerformanceAnalysis.framework/Versions/A/PerformanceAnalysis
0x00000000055da000 	/System/Library/PrivateFrameworks/GenerationalStorage.framework/Versions/A/GenerationalStorage
0x00000000055da000 	/System/Library/Frameworks/OpenGL.framework/Versions/A/OpenGL
0x00000000055da000 	/System/Library/PrivateFrameworks/Sharing.framework/Versions/A/Sharing
0x00000000055da000 	/System/Library/Frameworks/ImageIO.framework/Versions/A/ImageIO
0x00000000055da000 	/System/Library/Frameworks/CoreText.framework/Versions/A/CoreText
0x00000000055da000 	/System/Library/Frameworks/CoreGraphics.framework/Versions/A/CoreGraphics
0x00000000055da000 	/System/Library/PrivateFrameworks/Backup.framework/Versions/A/Backup
0x00000000055da000 	/System/Library/Frameworks/CFNetwork.framework/Versions/A/CFNetwork
0x00000000055da000 	/System/Library/Frameworks/SystemConfiguration.framework/Versions/A/SystemConfiguration
0x00000000055da000 	/usr/lib/libCRFSuite.dylib
0x00000000055da000 	/usr/lib/libc++.1.dylib
0x00000000055da000 	/usr/lib/libc++abi.dylib
0x00000000055da000 	/usr/lib/system/libcache.dylib
0x00000000055da000 	/usr/lib/system/libcommonCrypto.dylib
0x00000000055da000 	/usr/lib/system/libcompiler_rt.dylib
0x00000000055da000 	/usr/lib/system/libcopyfile.dylib
0x00000000055da000 	/usr/lib/system/libcorecrypto.dylib
0x00000000055da000 	/usr/lib/system/libdispatch.dylib
0x00000000055da000 	/usr/lib/system/libdyld.dylib
0x00000000055da000 	/usr/lib/system/libkeymgr.dylib
0x00000000055da000 	/usr/lib/system/liblaunch.dylib
0x00000000055da000 	/usr/lib/system/libmacho.dylib
0x00000000055da000 	/usr/lib/system/libquarantine.dylib
0x00000000055da000 	/usr/lib/system/libremovefile.dylib
0x00000000055da000 	/usr/lib/system/libsystem_asl.dylib
0x00000000055da000 	/usr/lib/system/libsystem_blocks.dylib
0x00000000055da000 	/usr/lib/system/libsystem_c.dylib
0x00000000055da000 	/usr/lib/system/libsystem_configuration.dylib
0x00000000055da000 	/usr/lib/system/libsystem_dnssd.dylib
0x00000000055da000 	/usr/lib/system/libsystem_info.dylib
0x00000000055da000 	/usr/lib/system/libsystem_kernel.dylib
0x00000000055da000 	/usr/lib/system/libsystem_m.dylib
0x00000000055da000 	/usr/lib/system/libsystem_malloc.dylib
0x00000000055da000 	/usr/lib/system/libsystem_network.dylib
0x00000000055da000 	/usr/lib/system/libsystem_notify.dylib
0x00000000055da000 	/usr/lib/system/libsystem_platform.dylib
0x00000000055da000 	/usr/lib/system/libsystem_pthread.dylib
0x00000000055da000 	/usr/lib/system/libsystem_sandbox.dylib
0x00000000055da000 	/usr/lib/system/libsystem_stats.dylib
0x00000000055da000 	/usr/lib/system/libunc.dylib
0x00000000055da000 	/usr/lib/system/libunwind.dylib
0x00000000055da000 	/usr/lib/system/libxpc.dylib
0x00000000055da000 	/usr/lib/libbsm.0.dylib
0x00000000055da000 	/usr/lib/libsqlite3.dylib
0x00000000055da000 	/usr/lib/libxar.1.dylib
0x00000000055da000 	/usr/lib/libpam.2.dylib
0x00000000055da000 	/usr/lib/libOpenScriptingUtil.dylib
0x00000000055da000 	/usr/lib/libbz2.1.0.dylib
0x00000000055da000 	/System/Library/Frameworks/CoreServices.framework/Versions/A/Frameworks/CarbonCore.framework/Versions/A/CarbonCore
0x00000000055da000 	/System/Library/Frameworks/CoreServices.framework/Versions/A/Frameworks/Metadata.framework/Versions/A/Metadata
0x00000000055da000 	/System/Library/Frameworks/CoreServices.framework/Versions/A/Frameworks/OSServices.framework/Versions/A/OSServices
0x00000000055da000 	/System/Library/Frameworks/CoreServices.framework/Versions/A/Frameworks/SearchKit.framework/Versions/A/SearchKit
0x00000000055da000 	/System/Library/Frameworks/CoreServices.framework/Versions/A/Frameworks/AE.framework/Versions/A/AE
0x00000000055da000 	/System/Library/Frameworks/CoreServices.framework/Versions/A/Frameworks/LaunchServices.framework/Versions/A/LaunchServices
0x00000000055da000 	/System/Library/Frameworks/CoreServices.framework/Versions/A/Frameworks/DictionaryServices.framework/Versions/A/DictionaryServices
0x00000000055da000 	/System/Library/Frameworks/NetFS.framework/Versions/A/NetFS
0x00000000055da000 	/usr/lib/system/libkxld.dylib
0x00000000055da000 	/System/Library/PrivateFrameworks/NetAuth.framework/Versions/A/NetAuth
0x00000000055da000 	/System/Library/PrivateFrameworks/TCC.framework/Versions/A/TCC
0x00000000055da000 	/System/Library/Frameworks/OpenDirectory.framework/Versions/A/Frameworks/CFOpenDirectory.framework/Versions/A/CFOpenDirectory
0x00000000055da000 	/System/Library/Frameworks/ServiceManagement.framework/Versions/A/ServiceManagement
0x00000000055da000 	/usr/lib/libxslt.1.dylib
0x00000000055da000 	/System/Library/Frameworks/Carbon.framework/Versions/A/Frameworks/Ink.framework/Versions/A/Ink
0x00000000055da000 	/System/Library/Frameworks/ApplicationServices.framework/Versions/A/Frameworks/ATS.framework/Versions/A/ATS
0x00000000055da000 	/System/Library/Frameworks/ApplicationServices.framework/Versions/A/Frameworks/ColorSync.framework/Versions/A/ColorSync
0x00000000055da000 	/System/Library/Frameworks/ApplicationServices.framework/Versions/A/Frameworks/HIServices.framework/Versions/A/HIServices
0x00000000055da000 	/System/Library/Frameworks/ApplicationServices.framework/Versions/A/Frameworks/LangAnalysis.framework/Versions/A/LangAnalysis
0x00000000055da000 	/System/Library/Frameworks/ApplicationServices.framework/Versions/A/Frameworks/PrintCore.framework/Versions/A/PrintCore
0x00000000055da000 	/System/Library/Frameworks/ApplicationServices.framework/Versions/A/Frameworks/QD.framework/Versions/A/QD
0x00000000055da000 	/System/Library/Frameworks/ApplicationServices.framework/Versions/A/Frameworks/SpeechSynthesis.framework/Versions/A/SpeechSynthesis
0x00000000055da000 	/System/Library/Frameworks/IOSurface.framework/Versions/A/IOSurface
0x00000000055da000 	/System/Library/Frameworks/Accelerate.framework/Versions/A/Accelerate
0x00000000055da000 	/System/Library/Frameworks/Accelerate.framework/Versions/A/Frameworks/vImage.framework/Versions/A/vImage
0x00000000055da000 	/System/Library/Frameworks/Accelerate.framework/Versions/A/Frameworks/vecLib.framework/Versions/A/vecLib
0x00000000055da000 	/System/Library/Frameworks/Accelerate.framework/Versions/A/Frameworks/vecLib.framework/Versions/A/libvDSP.dylib
0x00000000055da000 	/System/Library/Frameworks/Accelerate.framework/Versions/A/Frameworks/vecLib.framework/Versions/A/libvMisc.dylib
0x00000000055da000 	/System/Library/Frameworks/Accelerate.framework/Versions/A/Frameworks/vecLib.framework/Versions/A/libLAPACK.dylib
0x00000000055da000 	/System/Library/Frameworks/Accelerate.framework/Versions/A/Frameworks/vecLib.framework/Versions/A/libBLAS.dylib
0x00000000055da000 	/System/Library/Frameworks/ApplicationServices.framework/Versions/A/Frameworks/ATS.framework/Versions/A/Resources/libFontParser.dylib
0x00000000055da000 	/System/Library/Frameworks/ApplicationServices.framework/Versions/A/Frameworks/ATS.framework/Versions/A/Resources/libFontRegistry.dylib
0x00000000055da000 	/System/Library/Frameworks/ImageIO.framework/Versions/A/Resources/libJPEG.dylib
0x00000000055da000 	/System/Library/Frameworks/ImageIO.framework/Versions/A/Resources/libTIFF.dylib
0x00000000055da000 	/System/Library/Frameworks/ImageIO.framework/Versions/A/Resources/libPng.dylib
0x00000000055da000 	/System/Library/Frameworks/ImageIO.framework/Versions/A/Resources/libGIF.dylib
0x00000000055da000 	/System/Library/Frameworks/ImageIO.framework/Versions/A/Resources/libJP2.dylib
0x00000000055da000 	/System/Library/Frameworks/ImageIO.framework/Versions/A/Resources/libRadiance.dylib
0x00000000055da000 	/usr/lib/libcups.2.dylib
0x00000000055da000 	/System/Library/Frameworks/Kerberos.framework/Versions/A/Kerberos
0x00000000055da000 	/System/Library/Frameworks/GSS.framework/Versions/A/GSS
0x00000000055da000 	/usr/lib/libresolv.9.dylib
0x00000000055da000 	/usr/lib/libiconv.2.dylib
0x00000000055da000 	/System/Library/PrivateFrameworks/Heimdal.framework/Versions/A/Heimdal
0x00000000055da000 	/System/Library/PrivateFrameworks/TrustEvaluationAgent.framework/Versions/A/TrustEvaluationAgent
0x00000000055da000 	/usr/lib/libheimdal-asn1.dylib
0x00000000055da000 	/System/Library/Frameworks/OpenDirectory.framework/Versions/A/OpenDirectory
0x00000000055da000 	/System/Library/PrivateFrameworks/CommonAuth.framework/Versions/A/CommonAuth
0x00000000055da000 	/System/Library/Frameworks/SecurityFoundation.framework/Versions/A/SecurityFoundation
0x00000000055da000 	/System/Library/PrivateFrameworks/Bom.framework/Versions/A/Bom
0x00000000055da000 	/System/Library/Frameworks/CoreVideo.framework/Versions/A/CoreVideo
0x00000000055da000 	/System/Library/Frameworks/QuartzCore.framework/Versions/A/Frameworks/CoreImage.framework/Versions/A/CoreImage
0x00000000055da000 	/System/Library/Frameworks/QuartzCore.framework/Versions/A/Frameworks/ScalableUserInterface.framework/Versions/A/ScalableUserInterface
0x00000000055da000 	/System/Library/Frameworks/OpenGL.framework/Versions/A/Libraries/libGLU.dylib
0x00000000055da000 	/System/Library/Frameworks/OpenGL.framework/Versions/A/Libraries/libGFXShared.dylib
0x00000000055da000 	/System/Library/Frameworks/OpenGL.framework/Versions/A/Libraries/libGL.dylib
0x00000000055da000 	/System/Library/Frameworks/OpenGL.framework/Versions/A/Libraries/libGLImage.dylib
0x00000000055da000 	/System/Library/Frameworks/OpenGL.framework/Versions/A/Libraries/libCVMSPluginSupport.dylib
0x00000000055da000 	/System/Library/Frameworks/OpenGL.framework/Versions/A/Libraries/libCoreVMClient.dylib
0x00000000055da000 	/System/Library/PrivateFrameworks/FaceCore.framework/Versions/A/FaceCore
0x00000000055da000 	/System/Library/PrivateFrameworks/CrashReporterSupport.framework/Versions/A/CrashReporterSupport
0x00000000055da000 	/System/Library/Frameworks/OpenCL.framework/Versions/A/OpenCL
0x00000000055da000 	/System/Library/PrivateFrameworks/AppleFSCompression.framework/Versions/A/AppleFSCompression
0x00000000055da000 	/System/Library/PrivateFrameworks/Ubiquity.framework/Versions/A/Ubiquity
0x00000000055da000 	/System/Library/PrivateFrameworks/IconServices.framework/Versions/A/IconServices
0x00000000055da000 	/System/Library/PrivateFrameworks/ChunkingLibrary.framework/Versions/A/ChunkingLibrary
0x00000000055da000 	/System/Library/PrivateFrameworks/CoreSymbolication.framework/Versions/A/CoreSymbolication
0x00000000055da000 	/System/Library/PrivateFrameworks/Symbolication.framework/Versions/A/Symbolication
0x00000000055da000 	/System/Library/PrivateFrameworks/DebugSymbols.framework/Versions/A/DebugSymbols
0x0000000103000000 	/Library/Java/JavaVirtualMachines/jdk1.7.0_25.jdk/Contents/Home/jre/lib/server/libjvm.dylib
0x00000000055da000 	/usr/lib/libstdc++.6.dylib
0x0000000102781000 	/Library/Java/JavaVirtualMachines/jdk1.7.0_25.jdk/Contents/Home/jre/lib/libverify.dylib
0x000000010278e000 	/Library/Java/JavaVirtualMachines/jdk1.7.0_25.jdk/Contents/Home/jre/lib/libjava.dylib
0x00000001027c8000 	/Library/Java/JavaVirtualMachines/jdk1.7.0_25.jdk/Contents/Home/jre/lib/libzip.dylib
0x0000000107196000 	/System/Library/Frameworks/JavaVM.framework/Frameworks/JavaRuntimeSupport.framework/JavaRuntimeSupport
0x00000001071ae000 	/System/Library/Frameworks/JavaVM.framework/Versions/A/Frameworks/JavaNativeFoundation.framework/Versions/A/JavaNativeFoundation
0x00000001071c3000 	/System/Library/Frameworks/JavaVM.framework/Versions/A/JavaVM
0x00000000055da000 	/System/Library/Frameworks/Carbon.framework/Versions/A/Carbon
0x00000001071d0000 	/System/Library/PrivateFrameworks/JavaLaunching.framework/Versions/A/JavaLaunching
0x00000000055da000 	/System/Library/Frameworks/Carbon.framework/Versions/A/Frameworks/CommonPanels.framework/Versions/A/CommonPanels
0x00000000055da000 	/System/Library/Frameworks/Carbon.framework/Versions/A/Frameworks/Help.framework/Versions/A/Help
0x00000000055da000 	/System/Library/Frameworks/Carbon.framework/Versions/A/Frameworks/ImageCapture.framework/Versions/A/ImageCapture
0x00000000055da000 	/System/Library/Frameworks/Carbon.framework/Versions/A/Frameworks/OpenScripting.framework/Versions/A/OpenScripting
0x00000000055da000 	/System/Library/Frameworks/Carbon.framework/Versions/A/Frameworks/Print.framework/Versions/A/Print
0x00000000055da000 	/System/Library/Frameworks/Carbon.framework/Versions/A/Frameworks/SecurityHI.framework/Versions/A/SecurityHI

VM Arguments:
java_command: /Users/Orr/Desktop/SUTime.jar []
Launcher Type: SUN_STANDARD

Environment Variables:
JAVA_HOME=/Library/Java/JavaVirtualMachines/jdk1.7.0_25.jdk/Contents/Home
PATH=/Users/Orr/mongodb-osx-x86_64-2.6.3/bin:/Applications/MAMP/bin/php/php5.4.26/bin://anaconda/bin:/Library/Frameworks/Python.framework/Versions/2.7/bin:/usr/bin:/bin:/usr/sbin:/sbin:/usr/local/bin:/opt/X11/bin:/usr/local/git/bin:/usr/local/mysql/bin
SHELL=/bin/bash
DISPLAY=/tmp/launch-aDLfmk/org.macosforge.xquartz:0

Signal Handlers:
SIGSEGV: [libjvm.dylib+0x4a820f], sa_mask[0]=0xfffefeff, sa_flags=0x00000042
SIGBUS: [libjvm.dylib+0x4a820f], sa_mask[0]=0xfffefeff, sa_flags=0x00000042
SIGFPE: [libjvm.dylib+0x3b7495], sa_mask[0]=0xfffefeff, sa_flags=0x00000042
SIGPIPE: [libjvm.dylib+0x3b7495], sa_mask[0]=0xfffefeff, sa_flags=0x00000042
SIGXFSZ: [libjvm.dylib+0x3b7495], sa_mask[0]=0xfffefeff, sa_flags=0x00000042
SIGILL: [libjvm.dylib+0x3b7495], sa_mask[0]=0xfffefeff, sa_flags=0x00000042
SIGUSR1: SIG_DFL, sa_mask[0]=0x63807efb, sa_flags=0x00000000
SIGUSR2: [libjvm.dylib+0x3b702e], sa_mask[0]=0x00000000, sa_flags=0x00000042
SIGHUP: [libjvm.dylib+0x3b528f], sa_mask[0]=0xfffefeff, sa_flags=0x00000042
SIGINT: SIG_IGN, sa_mask[0]=0x00000000, sa_flags=0x00000000
SIGTERM: [libjvm.dylib+0x3b528f], sa_mask[0]=0xfffefeff, sa_flags=0x00000042
SIGQUIT: [libjvm.dylib+0x3b528f], sa_mask[0]=0xfffefeff, sa_flags=0x00000042


---------------  S Y S T E M  ---------------

OS:Bsduname:Darwin 13.1.0 Darwin Kernel Version 13.1.0: Thu Jan 16 19:40:37 PST 2014; root:xnu-2422.90.20~2/RELEASE_X86_64 x86_64
rlimit: STACK 8192k, CORE 0k, NPROC 709, NOFILE 10240, AS infinity
load average:5.94 6.19 6.87

CPU:total 4 (2 cores per cpu, 2 threads per core) family 6 model 42 stepping 7, cmov, cx8, fxsr, mmx, sse, sse2, sse3, ssse3, sse4.1, sse4.2, popcnt, avx, ht, tsc, tscinvbit

Memory: 4k page, physical 775304k(193826k free)

/proc/meminfo:


vm_info: Java HotSpot(TM) 64-Bit Server VM (23.25-b01) for bsd-amd64 JRE (1.7.0_25-b15), built on Jun  5 2013 22:26:36 by "java_re" with gcc 4.2.1 (Based on Apple Inc. build 5658) (LLVM build 2336.11.00)

time: Tue Aug 19 17:23:35 2014
elapsed time: 6 seconds

